<?xml version="1.0" encoding="UTF-8"?>
<testng-results ignored="0" total="1" passed="1" failed="0" skipped="0">
  <reporter-output>
  </reporter-output>
  <suite started-at="2022-08-29T02:55:37 EDT" name="Default suite" finished-at="2022-08-29T02:55:46 EDT" duration-ms="8383">
    <groups>
    </groups>
    <test started-at="2022-08-29T02:55:37 EDT" name="Default test" finished-at="2022-08-29T02:55:46 EDT" duration-ms="8383">
      <class name="test01.APITest">
        <test-method signature="getApiKey()[pri:0, instance:test01.APITest@3514a4c0]" started-at="2022-08-29T02:55:37 EDT" name="getApiKey" finished-at="2022-08-29T02:55:46 EDT" duration-ms="8320" status="PASS">
          <reporter-output>
          </reporter-output>
        </test-method> <!-- getApiKey -->
      </class> <!-- test01.APITest -->
    </test> <!-- Default test -->
  </suite> <!-- Default suite -->
</testng-results>
